app/build/intermediates/manifest_merge_blame_file/debug/manifest-merger-blame-debug-report.txt
1<?xml version="1.0" encoding="utf-8"?>
2<manifest xmlns:android="http://schemas.android.com/apk/res/android"
3    package="com.example.mohsenakhlaghi_hw10_geoquiz"
4    android:versionCode="1"
5    android:versionName="1.0" >
6
7    <uses-sdk
8        android:minSdkVersion="21"
8-->src\main\AndroidManifest.xml
9        android:targetSdkVersion="32" />
9-->src\main\AndroidManifest.xml
10
11    <application
11-->src\main\AndroidManifest.xml:6:5-29:19
12        android:allowBackup="true"
12-->src\main\AndroidManifest.xml:7:9-35
13        android:appComponentFactory="androidx.core.app.CoreComponentFactory"
13-->[androidx.core:core:1.8.0] AndroidManifest.xml:24:18-86
14        android:debuggable="true"
15        android:icon="@mipmap/ic_launcher"
15-->src\main\AndroidManifest.xml:8:9-43
16        android:label="@string/app_name"
16-->src\main\AndroidManifest.xml:9:9-41
17        android:roundIcon="@mipmap/ic_launcher_round"
17-->src\main\AndroidManifest.xml:10:9-54
18        android:supportsRtl="true"
18-->src\main\AndroidManifest.xml:11:9-35
19        android:testOnly="true"
20        android:theme="@style/Theme.MohsenAkhlaghi_HW10_GeoQuiz" >
20-->src\main\AndroidManifest.xml:12:9-65
21        <activity
21-->src\main\AndroidManifest.xml:13:9-16:45
22            android:name="com.example.mohsenakhlaghi_hw10_geoquiz.GeoQuiz"
22-->src\main\AndroidManifest.xml:14:13-36
23            android:exported="false" />
23-->src\main\AndroidManifest.xml:15:13-37
24        <activity
24-->src\main\AndroidManifest.xml:17:9-19:40
25            android:name="com.example.mohsenakhlaghi_hw10_geoquiz.CheatActivity"
25-->src\main\AndroidManifest.xml:18:13-42
26            android:exported="false" />
26-->src\main\AndroidManifest.xml:19:13-37
27        <activity
27-->src\main\AndroidManifest.xml:20:9-28:20
28            android:name="com.example.mohsenakhlaghi_hw10_geoquiz.MainActivity"
28-->src\main\AndroidManifest.xml:21:13-41
29            android:exported="true" >
29-->src\main\AndroidManifest.xml:22:13-36
30            <intent-filter>
30-->src\main\AndroidManifest.xml:23:13-27:29
31                <action android:name="android.intent.action.MAIN" />
31-->src\main\AndroidManifest.xml:24:17-69
31-->src\main\AndroidManifest.xml:24:25-66
32
33                <category android:name="android.intent.category.LAUNCHER" />
33-->src\main\AndroidManifest.xml:26:17-77
33-->src\main\AndroidManifest.xml:26:27-74
34            </intent-filter>
35        </activity>
36
37        <uses-library
37-->[androidx.window:window:1.0.0] AndroidManifest.xml:25:9-27:40
38            android:name="androidx.window.extensions"
38-->[androidx.window:window:1.0.0] AndroidManifest.xml:26:13-54
39            android:required="false" />
39-->[androidx.window:window:1.0.0] AndroidManifest.xml:27:13-37
40        <uses-library
40-->[androidx.window:window:1.0.0] AndroidManifest.xml:28:9-30:40
41            android:name="androidx.window.sidecar"
41-->[androidx.window:window:1.0.0] AndroidManifest.xml:29:13-51
42            android:required="false" />
42-->[androidx.window:window:1.0.0] AndroidManifest.xml:30:13-37
43
44        <provider
44-->[androidx.emoji2:emoji2:1.2.0] AndroidManifest.xml:24:9-32:20
45            android:name="androidx.startup.InitializationProvider"
45-->[androidx.emoji2:emoji2:1.2.0] AndroidManifest.xml:25:13-67
46            android:authorities="com.example.mohsenakhlaghi_hw10_geoquiz.androidx-startup"
46-->[androidx.emoji2:emoji2:1.2.0] AndroidManifest.xml:26:13-68
47            android:exported="false" >
47-->[androidx.emoji2:emoji2:1.2.0] AndroidManifest.xml:27:13-37
48            <meta-data
48-->[androidx.emoji2:emoji2:1.2.0] AndroidManifest.xml:29:13-31:52
49                android:name="androidx.emoji2.text.EmojiCompatInitializer"
49-->[androidx.emoji2:emoji2:1.2.0] AndroidManifest.xml:30:17-75
50                android:value="androidx.startup" />
50-->[androidx.emoji2:emoji2:1.2.0] AndroidManifest.xml:31:17-49
51            <meta-data
51-->[androidx.lifecycle:lifecycle-process:2.4.1] AndroidManifest.xml:31:13-33:52
52                android:name="androidx.lifecycle.ProcessLifecycleInitializer"
52-->[androidx.lifecycle:lifecycle-process:2.4.1] AndroidManifest.xml:32:17-78
53                android:value="androidx.startup" />
53-->[androidx.lifecycle:lifecycle-process:2.4.1] AndroidManifest.xml:33:17-49
54        </provider>
55    </application>
56
57</manifest>